<?xml version="1.0" encoding="UTF-8"?>
<!-- Generated by org.testng.reporters.JUnitReportReporter -->
<testsuite skipped="0" hostname="MSI" name="Tugas4.yopmail2022.WebTestYopmail" tests="1" failures="0" timestamp="03 Jun 2022 07:32:42 GMT" time="9.386" errors="0">
  <testcase name="login" time="9.386" classname="Tugas4.yopmail2022.WebTestYopmail"/>
</testsuite> <!-- Tugas4.yopmail2022.WebTestYopmail -->
