<?xml version="1.0" encoding="UTF-8"?>
<!-- Generated by org.testng.reporters.JUnitReportReporter -->
<testsuite skipped="0" hostname="MSI" name="Tugas3.swaglabs.APITestPOM" tests="4" failures="0" timestamp="12 Jun 2022 01:37:21 GMT" time="18.465" errors="0">
  <testcase name="fakerTest" time="2.369" classname="Tugas3.swaglabs.APITestPOM"/>
  <testcase name="userAPI" time="8.021" classname="Tugas3.swaglabs.APITestPOM"/>
  <testcase name="dashboardAPI" time="3.911" classname="Tugas3.swaglabs.APITestPOM"/>
  <testcase name="configAPI" time="4.164" classname="Tugas3.swaglabs.APITestPOM"/>
</testsuite> <!-- Tugas3.swaglabs.APITestPOM -->
