<?xml version="1.0" encoding="UTF-8"?>
<!-- Generated by org.testng.reporters.JUnitReportReporter -->
<testsuite skipped="0" hostname="MSI" name="Tugas3.swaglabs.APITest" tests="2" failures="0" timestamp="2022-06-26T02:59:33 ICT" time="3.814" errors="0">
  <testcase name="ApiRegres" time="2.419" classname="Tugas3.swaglabs.APITest"/>
  <system-out/>
  <testcase name="configAPI" time="1.395" classname="Tugas3.swaglabs.APITest"/>
  <system-out/>
</testsuite> <!-- Tugas3.swaglabs.APITest -->
