<?xml version="1.0" encoding="UTF-8"?>
<!-- Generated by org.testng.reporters.JUnitReportReporter -->
<testsuite skipped="0" hostname="MSI" name="Tugas3.swaglabs.WebTestTugasTiga" tests="2" failures="0" timestamp="2022-06-20T13:18:19 ICT" time="11.538" errors="0">
  <testcase name="testLogin" time="5.856" classname="Tugas3.swaglabs.WebTestTugasTiga"/>
  <system-out/>
  <testcase name="testCheckout" time="5.682" classname="Tugas3.swaglabs.WebTestTugasTiga"/>
  <system-out/>
</testsuite> <!-- Tugas3.swaglabs.WebTestTugasTiga -->
