<?xml version="1.0" encoding="UTF-8"?>
<!-- Generated by org.testng.reporters.JUnitReportReporter -->
<testsuite skipped="0" hostname="MSI" name="Tugas2.swaglabs.WebTestTugasTiga" tests="2" failures="0" timestamp="2022-06-01T16:13:31 ICT" time="6.538" errors="0">
  <testcase name="testLogin" time="2.483" classname="Tugas2.swaglabs.WebTestTugasTiga"/>
  <system-out/>
  <testcase name="testCheckout" time="4.055" classname="Tugas2.swaglabs.WebTestTugasTiga"/>
  <system-out/>
</testsuite> <!-- Tugas2.swaglabs.WebTestTugasTiga -->
