<?xml version="1.0" encoding="UTF-8"?>
<!-- Generated by org.testng.reporters.JUnitReportReporter -->
<testsuite skipped="0" hostname="MSI" name="Tugas3.swaglabs.APITestPOM" tests="4" failures="0" timestamp="2022-06-11T22:42:43 ICT" time="13.877" errors="0">
  <testcase name="dashboardAPI" time="5.309" classname="Tugas3.swaglabs.APITestPOM"/>
  <system-out/>
  <testcase name="fakerTest" time="1.979" classname="Tugas3.swaglabs.APITestPOM"/>
  <system-out/>
  <testcase name="userAPI" time="3.307" classname="Tugas3.swaglabs.APITestPOM"/>
  <system-out/>
  <testcase name="configAPI" time="3.282" classname="Tugas3.swaglabs.APITestPOM"/>
  <system-out/>
</testsuite> <!-- Tugas3.swaglabs.APITestPOM -->
