<?xml version="1.0" encoding="UTF-8"?>
<!-- Generated by org.testng.reporters.JUnitReportReporter -->
<testsuite skipped="0" hostname="MSI" name="Tugas2.swaglabs.AppTest" tests="1" failures="0" timestamp="2022-06-01T13:38:24 ICT" time="0.006" errors="0">
  <testcase name="testApp" time="0.006" classname="Tugas2.swaglabs.AppTest"/>
  <system-out/>
</testsuite> <!-- Tugas2.swaglabs.AppTest -->
