<?xml version="1.0" encoding="UTF-8"?>
<!-- Generated by org.testng.reporters.JUnitReportReporter -->
<testsuite skipped="0" hostname="MSI" name="Tugas5.maretkolak2022.TryingFaker" tests="2" failures="0" timestamp="04 Jun 2022 13:06:36 GMT" time="2.581" errors="0">
  <testcase name="javaFaker" time="0.153" classname="Tugas5.maretkolak2022.TryingFaker"/>
  <testcase name="kolakRegisterFailed" time="2.428" classname="Tugas5.maretkolak2022.TryingFaker"/>
</testsuite> <!-- Tugas5.maretkolak2022.TryingFaker -->
