<?xml version="1.0" encoding="UTF-8"?>
<!-- Generated by org.testng.reporters.JUnitReportReporter -->
<testsuite skipped="0" hostname="MSI" name="Tugas5.maretkolak2022.Register" tests="1" failures="0" timestamp="25 Jun 2022 18:42:13 GMT" time="2.386" errors="0">
  <testcase name="kolakRegisterSukses" time="2.386" classname="Tugas5.maretkolak2022.Register"/>
</testsuite> <!-- Tugas5.maretkolak2022.Register -->
